2022-09-09 14:40:48,588 - CleanDataFrameLogger - INFO - Replacing missing values in column: CompetitionOpenSinceMonth with method: zero
2022-09-09 14:40:48,588 - CleanDataFrameLogger - INFO - Replacing missing values in column: CompetitionOpenSinceMonth with method: zero
2022-09-09 14:40:48,591 - CleanDataFrameLogger - INFO - Replacing missing values in column: CompetitionOpenSinceYear with method: zero
2022-09-09 14:40:48,591 - CleanDataFrameLogger - INFO - Replacing missing values in column: CompetitionOpenSinceYear with method: zero
2022-09-09 14:40:48,594 - CleanDataFrameLogger - INFO - Replacing missing values in column: CompetitionDistance with method: None
2022-09-09 14:40:48,594 - CleanDataFrameLogger - INFO - Replacing missing values in column: CompetitionDistance with method: None
2022-09-09 14:48:27,265 - CleanDataFrameLogger - INFO - Replacing missing values in column: CompetitionOpenSinceMonth with method: zero
2022-09-09 14:48:27,265 - CleanDataFrameLogger - INFO - Replacing missing values in column: CompetitionOpenSinceMonth with method: zero
2022-09-09 14:48:27,265 - CleanDataFrameLogger - INFO - Replacing missing values in column: CompetitionOpenSinceMonth with method: zero
2022-09-09 14:48:27,269 - CleanDataFrameLogger - INFO - Replacing missing values in column: CompetitionOpenSinceYear with method: zero
2022-09-09 14:48:27,269 - CleanDataFrameLogger - INFO - Replacing missing values in column: CompetitionOpenSinceYear with method: zero
2022-09-09 14:48:27,269 - CleanDataFrameLogger - INFO - Replacing missing values in column: CompetitionOpenSinceYear with method: zero
2022-09-09 14:48:27,271 - CleanDataFrameLogger - INFO - Replacing missing values in column: CompetitionDistance with method: None
2022-09-09 14:48:27,271 - CleanDataFrameLogger - INFO - Replacing missing values in column: CompetitionDistance with method: None
2022-09-09 14:48:27,271 - CleanDataFrameLogger - INFO - Replacing missing values in column: CompetitionDistance with method: None
2022-09-09 14:53:23,175 - CleanDataFrameLogger - INFO - Replacing missing values in column: Promo2SinceWeek with method: zero
2022-09-09 14:53:23,175 - CleanDataFrameLogger - INFO - Replacing missing values in column: Promo2SinceWeek with method: zero
2022-09-09 14:53:23,175 - CleanDataFrameLogger - INFO - Replacing missing values in column: Promo2SinceWeek with method: zero
2022-09-09 14:53:23,175 - CleanDataFrameLogger - INFO - Replacing missing values in column: Promo2SinceWeek with method: zero
2022-09-09 14:53:23,179 - CleanDataFrameLogger - INFO - Replacing missing values in column: Promo2SinceYear with method: zero
2022-09-09 14:53:23,179 - CleanDataFrameLogger - INFO - Replacing missing values in column: Promo2SinceYear with method: zero
2022-09-09 14:53:23,179 - CleanDataFrameLogger - INFO - Replacing missing values in column: Promo2SinceYear with method: zero
2022-09-09 14:53:23,179 - CleanDataFrameLogger - INFO - Replacing missing values in column: Promo2SinceYear with method: zero
2022-09-09 14:53:52,881 - CleanDataFrameLogger - INFO - Replacing missing values in column: Promo2SinceWeek with method: zero
2022-09-09 14:53:52,881 - CleanDataFrameLogger - INFO - Replacing missing values in column: Promo2SinceWeek with method: zero
2022-09-09 14:53:52,881 - CleanDataFrameLogger - INFO - Replacing missing values in column: Promo2SinceWeek with method: zero
2022-09-09 14:53:52,881 - CleanDataFrameLogger - INFO - Replacing missing values in column: Promo2SinceWeek with method: zero
2022-09-09 14:53:52,885 - CleanDataFrameLogger - INFO - Replacing missing values in column: Promo2SinceYear with method: zero
2022-09-09 14:53:52,885 - CleanDataFrameLogger - INFO - Replacing missing values in column: Promo2SinceYear with method: zero
2022-09-09 14:53:52,885 - CleanDataFrameLogger - INFO - Replacing missing values in column: Promo2SinceYear with method: zero
2022-09-09 14:53:52,885 - CleanDataFrameLogger - INFO - Replacing missing values in column: Promo2SinceYear with method: zero
2022-09-09 14:53:52,889 - CleanDataFrameLogger - INFO - Replacing missing values in column: PromoInterval with method: None
2022-09-09 14:53:52,889 - CleanDataFrameLogger - INFO - Replacing missing values in column: PromoInterval with method: None
2022-09-09 14:53:52,889 - CleanDataFrameLogger - INFO - Replacing missing values in column: PromoInterval with method: None
2022-09-09 14:53:52,889 - CleanDataFrameLogger - INFO - Replacing missing values in column: PromoInterval with method: None
2022-09-09 14:54:22,529 - CleanDataFrameLogger - INFO - Replacing missing values in column: Promo2SinceWeek with method: zero
2022-09-09 14:54:22,529 - CleanDataFrameLogger - INFO - Replacing missing values in column: Promo2SinceWeek with method: zero
2022-09-09 14:54:22,529 - CleanDataFrameLogger - INFO - Replacing missing values in column: Promo2SinceWeek with method: zero
2022-09-09 14:54:22,529 - CleanDataFrameLogger - INFO - Replacing missing values in column: Promo2SinceWeek with method: zero
2022-09-09 14:54:22,529 - CleanDataFrameLogger - INFO - Replacing missing values in column: Promo2SinceWeek with method: zero
2022-09-09 14:54:22,535 - CleanDataFrameLogger - INFO - Replacing missing values in column: Promo2SinceYear with method: zero
2022-09-09 14:54:22,535 - CleanDataFrameLogger - INFO - Replacing missing values in column: Promo2SinceYear with method: zero
2022-09-09 14:54:22,535 - CleanDataFrameLogger - INFO - Replacing missing values in column: Promo2SinceYear with method: zero
2022-09-09 14:54:22,535 - CleanDataFrameLogger - INFO - Replacing missing values in column: Promo2SinceYear with method: zero
2022-09-09 14:54:22,535 - CleanDataFrameLogger - INFO - Replacing missing values in column: Promo2SinceYear with method: zero
2022-09-09 14:54:22,539 - CleanDataFrameLogger - INFO - Replacing missing values in column: PromoInterval with method: None
2022-09-09 14:54:22,539 - CleanDataFrameLogger - INFO - Replacing missing values in column: PromoInterval with method: None
2022-09-09 14:54:22,539 - CleanDataFrameLogger - INFO - Replacing missing values in column: PromoInterval with method: None
2022-09-09 14:54:22,539 - CleanDataFrameLogger - INFO - Replacing missing values in column: PromoInterval with method: None
2022-09-09 14:54:22,539 - CleanDataFrameLogger - INFO - Replacing missing values in column: PromoInterval with method: None
2022-09-09 14:57:06,725 - CleanDataFrameLogger - INFO - Replacing missing values in column: Promo2SinceWeek with method: zero
2022-09-09 14:57:06,725 - CleanDataFrameLogger - INFO - Replacing missing values in column: Promo2SinceWeek with method: zero
2022-09-09 14:57:06,725 - CleanDataFrameLogger - INFO - Replacing missing values in column: Promo2SinceWeek with method: zero
2022-09-09 14:57:06,725 - CleanDataFrameLogger - INFO - Replacing missing values in column: Promo2SinceWeek with method: zero
2022-09-09 14:57:06,725 - CleanDataFrameLogger - INFO - Replacing missing values in column: Promo2SinceWeek with method: zero
2022-09-09 14:57:06,725 - CleanDataFrameLogger - INFO - Replacing missing values in column: Promo2SinceWeek with method: zero
2022-09-09 14:57:06,732 - CleanDataFrameLogger - INFO - Replacing missing values in column: Promo2SinceYear with method: zero
2022-09-09 14:57:06,732 - CleanDataFrameLogger - INFO - Replacing missing values in column: Promo2SinceYear with method: zero
2022-09-09 14:57:06,732 - CleanDataFrameLogger - INFO - Replacing missing values in column: Promo2SinceYear with method: zero
2022-09-09 14:57:06,732 - CleanDataFrameLogger - INFO - Replacing missing values in column: Promo2SinceYear with method: zero
2022-09-09 14:57:06,732 - CleanDataFrameLogger - INFO - Replacing missing values in column: Promo2SinceYear with method: zero
2022-09-09 14:57:06,732 - CleanDataFrameLogger - INFO - Replacing missing values in column: Promo2SinceYear with method: zero
2022-09-09 14:57:06,736 - CleanDataFrameLogger - INFO - Replacing missing values in column: PromoInterval with method: None
2022-09-09 14:57:06,736 - CleanDataFrameLogger - INFO - Replacing missing values in column: PromoInterval with method: None
2022-09-09 14:57:06,736 - CleanDataFrameLogger - INFO - Replacing missing values in column: PromoInterval with method: None
2022-09-09 14:57:06,736 - CleanDataFrameLogger - INFO - Replacing missing values in column: PromoInterval with method: None
2022-09-09 14:57:06,736 - CleanDataFrameLogger - INFO - Replacing missing values in column: PromoInterval with method: None
2022-09-09 14:57:06,736 - CleanDataFrameLogger - INFO - Replacing missing values in column: PromoInterval with method: None
2022-09-09 14:59:02,174 - CleanDataFrameLogger - INFO - Replacing missing values in column: Promo2SinceWeek with method: zero
2022-09-09 14:59:02,174 - CleanDataFrameLogger - INFO - Replacing missing values in column: Promo2SinceWeek with method: zero
2022-09-09 14:59:02,174 - CleanDataFrameLogger - INFO - Replacing missing values in column: Promo2SinceWeek with method: zero
2022-09-09 14:59:02,174 - CleanDataFrameLogger - INFO - Replacing missing values in column: Promo2SinceWeek with method: zero
2022-09-09 14:59:02,174 - CleanDataFrameLogger - INFO - Replacing missing values in column: Promo2SinceWeek with method: zero
2022-09-09 14:59:02,174 - CleanDataFrameLogger - INFO - Replacing missing values in column: Promo2SinceWeek with method: zero
2022-09-09 14:59:02,174 - CleanDataFrameLogger - INFO - Replacing missing values in column: Promo2SinceWeek with method: zero
2022-09-09 14:59:02,182 - CleanDataFrameLogger - INFO - Replacing missing values in column: Promo2SinceYear with method: zero
2022-09-09 14:59:02,182 - CleanDataFrameLogger - INFO - Replacing missing values in column: Promo2SinceYear with method: zero
2022-09-09 14:59:02,182 - CleanDataFrameLogger - INFO - Replacing missing values in column: Promo2SinceYear with method: zero
2022-09-09 14:59:02,182 - CleanDataFrameLogger - INFO - Replacing missing values in column: Promo2SinceYear with method: zero
2022-09-09 14:59:02,182 - CleanDataFrameLogger - INFO - Replacing missing values in column: Promo2SinceYear with method: zero
2022-09-09 14:59:02,182 - CleanDataFrameLogger - INFO - Replacing missing values in column: Promo2SinceYear with method: zero
2022-09-09 14:59:02,182 - CleanDataFrameLogger - INFO - Replacing missing values in column: Promo2SinceYear with method: zero
2022-09-09 14:59:02,190 - CleanDataFrameLogger - INFO - Replacing missing values in column: PromoInterval with method: None
2022-09-09 14:59:02,190 - CleanDataFrameLogger - INFO - Replacing missing values in column: PromoInterval with method: None
2022-09-09 14:59:02,190 - CleanDataFrameLogger - INFO - Replacing missing values in column: PromoInterval with method: None
2022-09-09 14:59:02,190 - CleanDataFrameLogger - INFO - Replacing missing values in column: PromoInterval with method: None
2022-09-09 14:59:02,190 - CleanDataFrameLogger - INFO - Replacing missing values in column: PromoInterval with method: None
2022-09-09 14:59:02,190 - CleanDataFrameLogger - INFO - Replacing missing values in column: PromoInterval with method: None
2022-09-09 14:59:02,190 - CleanDataFrameLogger - INFO - Replacing missing values in column: PromoInterval with method: None
2022-09-09 15:00:19,991 - CleanDataFrameLogger - INFO - Replacing missing values in column: Promo2SinceWeek with method: zero
2022-09-09 15:00:19,991 - CleanDataFrameLogger - INFO - Replacing missing values in column: Promo2SinceWeek with method: zero
2022-09-09 15:00:19,991 - CleanDataFrameLogger - INFO - Replacing missing values in column: Promo2SinceWeek with method: zero
2022-09-09 15:00:19,991 - CleanDataFrameLogger - INFO - Replacing missing values in column: Promo2SinceWeek with method: zero
2022-09-09 15:00:19,991 - CleanDataFrameLogger - INFO - Replacing missing values in column: Promo2SinceWeek with method: zero
2022-09-09 15:00:19,991 - CleanDataFrameLogger - INFO - Replacing missing values in column: Promo2SinceWeek with method: zero
2022-09-09 15:00:19,991 - CleanDataFrameLogger - INFO - Replacing missing values in column: Promo2SinceWeek with method: zero
2022-09-09 15:00:19,991 - CleanDataFrameLogger - INFO - Replacing missing values in column: Promo2SinceWeek with method: zero
2022-09-09 15:00:19,997 - CleanDataFrameLogger - INFO - Replacing missing values in column: Promo2SinceYear with method: zero
2022-09-09 15:00:19,997 - CleanDataFrameLogger - INFO - Replacing missing values in column: Promo2SinceYear with method: zero
2022-09-09 15:00:19,997 - CleanDataFrameLogger - INFO - Replacing missing values in column: Promo2SinceYear with method: zero
2022-09-09 15:00:19,997 - CleanDataFrameLogger - INFO - Replacing missing values in column: Promo2SinceYear with method: zero
2022-09-09 15:00:19,997 - CleanDataFrameLogger - INFO - Replacing missing values in column: Promo2SinceYear with method: zero
2022-09-09 15:00:19,997 - CleanDataFrameLogger - INFO - Replacing missing values in column: Promo2SinceYear with method: zero
2022-09-09 15:00:19,997 - CleanDataFrameLogger - INFO - Replacing missing values in column: Promo2SinceYear with method: zero
2022-09-09 15:00:19,997 - CleanDataFrameLogger - INFO - Replacing missing values in column: Promo2SinceYear with method: zero
2022-09-09 15:00:20,002 - CleanDataFrameLogger - INFO - Replacing missing values in column: PromoInterval with method: None
2022-09-09 15:00:20,002 - CleanDataFrameLogger - INFO - Replacing missing values in column: PromoInterval with method: None
2022-09-09 15:00:20,002 - CleanDataFrameLogger - INFO - Replacing missing values in column: PromoInterval with method: None
2022-09-09 15:00:20,002 - CleanDataFrameLogger - INFO - Replacing missing values in column: PromoInterval with method: None
2022-09-09 15:00:20,002 - CleanDataFrameLogger - INFO - Replacing missing values in column: PromoInterval with method: None
2022-09-09 15:00:20,002 - CleanDataFrameLogger - INFO - Replacing missing values in column: PromoInterval with method: None
2022-09-09 15:00:20,002 - CleanDataFrameLogger - INFO - Replacing missing values in column: PromoInterval with method: None
2022-09-09 15:00:20,002 - CleanDataFrameLogger - INFO - Replacing missing values in column: PromoInterval with method: None
2022-09-09 15:02:34,107 - CleanDataFrameLogger - INFO - Replacing missing values in column: Promo2SinceWeek with method: zero
2022-09-09 15:02:34,107 - CleanDataFrameLogger - INFO - Replacing missing values in column: Promo2SinceWeek with method: zero
2022-09-09 15:02:34,107 - CleanDataFrameLogger - INFO - Replacing missing values in column: Promo2SinceWeek with method: zero
2022-09-09 15:02:34,107 - CleanDataFrameLogger - INFO - Replacing missing values in column: Promo2SinceWeek with method: zero
2022-09-09 15:02:34,107 - CleanDataFrameLogger - INFO - Replacing missing values in column: Promo2SinceWeek with method: zero
2022-09-09 15:02:34,107 - CleanDataFrameLogger - INFO - Replacing missing values in column: Promo2SinceWeek with method: zero
2022-09-09 15:02:34,107 - CleanDataFrameLogger - INFO - Replacing missing values in column: Promo2SinceWeek with method: zero
2022-09-09 15:02:34,107 - CleanDataFrameLogger - INFO - Replacing missing values in column: Promo2SinceWeek with method: zero
2022-09-09 15:02:34,107 - CleanDataFrameLogger - INFO - Replacing missing values in column: Promo2SinceWeek with method: zero
2022-09-09 15:02:34,114 - CleanDataFrameLogger - INFO - Replacing missing values in column: Promo2SinceYear with method: zero
2022-09-09 15:02:34,114 - CleanDataFrameLogger - INFO - Replacing missing values in column: Promo2SinceYear with method: zero
2022-09-09 15:02:34,114 - CleanDataFrameLogger - INFO - Replacing missing values in column: Promo2SinceYear with method: zero
2022-09-09 15:02:34,114 - CleanDataFrameLogger - INFO - Replacing missing values in column: Promo2SinceYear with method: zero
2022-09-09 15:02:34,114 - CleanDataFrameLogger - INFO - Replacing missing values in column: Promo2SinceYear with method: zero
2022-09-09 15:02:34,114 - CleanDataFrameLogger - INFO - Replacing missing values in column: Promo2SinceYear with method: zero
2022-09-09 15:02:34,114 - CleanDataFrameLogger - INFO - Replacing missing values in column: Promo2SinceYear with method: zero
2022-09-09 15:02:34,114 - CleanDataFrameLogger - INFO - Replacing missing values in column: Promo2SinceYear with method: zero
2022-09-09 15:02:34,114 - CleanDataFrameLogger - INFO - Replacing missing values in column: Promo2SinceYear with method: zero
2022-09-09 15:02:34,121 - CleanDataFrameLogger - INFO - Replacing missing values in column: PromoInterval with method: None
2022-09-09 15:02:34,121 - CleanDataFrameLogger - INFO - Replacing missing values in column: PromoInterval with method: None
2022-09-09 15:02:34,121 - CleanDataFrameLogger - INFO - Replacing missing values in column: PromoInterval with method: None
2022-09-09 15:02:34,121 - CleanDataFrameLogger - INFO - Replacing missing values in column: PromoInterval with method: None
2022-09-09 15:02:34,121 - CleanDataFrameLogger - INFO - Replacing missing values in column: PromoInterval with method: None
2022-09-09 15:02:34,121 - CleanDataFrameLogger - INFO - Replacing missing values in column: PromoInterval with method: None
2022-09-09 15:02:34,121 - CleanDataFrameLogger - INFO - Replacing missing values in column: PromoInterval with method: None
2022-09-09 15:02:34,121 - CleanDataFrameLogger - INFO - Replacing missing values in column: PromoInterval with method: None
2022-09-09 15:02:34,121 - CleanDataFrameLogger - INFO - Replacing missing values in column: PromoInterval with method: None
